This file contains any messages produced by compilers while
running configure, to aid debugging if configure makes a mistake.

It was created by diderot configure 2.0, which was
generated by GNU Autoconf 2.69.  Invocation command line was

  $ ./configure --with-teem=/usr/local

## --------- ##
## Platform. ##
## --------- ##

hostname = Charisees-iMac.local
uname -m = x86_64
uname -r = 14.5.0
uname -s = Darwin
uname -v = Darwin Kernel Version 14.5.0: Sun Jun  4 21:40:08 PDT 2017; root:xnu-2782.70.3~1/RELEASE_X86_64

/usr/bin/uname -p = i386
/bin/uname -X     = unknown

/bin/arch              = unknown
/usr/bin/arch -k       = unknown
/usr/convex/getsysinfo = unknown
/usr/bin/hostinfo      = Mach kernel version:
	 Darwin Kernel Version 14.5.0: Sun Jun  4 21:40:08 PDT 2017; root:xnu-2782.70.3~1/RELEASE_X86_64
Kernel configured for up to 4 processors.
4 processors are physically available.
4 processors are logically available.
Processor type: x86_64h (Intel x86-64h Haswell)
Processors active: 0 1 2 3
Primary memory available: 8.00 gigabytes
Default processor set: 216 tasks, 956 threads, 4 processors
Load average: 1.76, Mach factor: 2.23
/bin/machine           = unknown
/usr/bin/oslevel       = unknown
/bin/universe          = unknown

PATH: /Library/Frameworks/Python.framework/Versions/3.6/bin
PATH: /Library/Frameworks/Python.framework/Versions/3.6/bin
PATH: /Library/Frameworks/Python.framework/Versions/3.6/bin
PATH: /usr/local/bin
PATH: /usr/bin
PATH: /bin
PATH: /usr/sbin
PATH: /sbin
PATH: /usr/texbin


## ----------- ##
## Core tests. ##
## ----------- ##

configure:2807: checking build system type
configure:2821: result: x86_64-apple-darwin14.5.0
configure:2841: checking host system type
configure:2854: result: x86_64-apple-darwin14.5.0
configure:2941: checking for gcc
configure:2957: found /usr/bin/gcc
configure:2968: result: gcc
configure:3197: checking for C compiler version
configure:3206: gcc --version >&5
Apple LLVM version 5.0 (clang-500.2.79) (based on LLVM 3.3svn)
Target: x86_64-apple-darwin14.5.0
Thread model: posix
Configured with: --prefix=/Applications/Xcode.app/Contents/Developer/usr --with-gxx-include-dir=/usr/include/c++/4.2.1
configure:3217: $? = 0
configure:3206: gcc -v >&5
Configured with: --prefix=/Applications/Xcode.app/Contents/Developer/usr --with-gxx-include-dir=/usr/include/c++/4.2.1
Apple LLVM version 5.0 (clang-500.2.79) (based on LLVM 3.3svn)
Target: x86_64-apple-darwin14.5.0
Thread model: posix
configure:3217: $? = 0
configure:3206: gcc -V >&5
clang: error: argument to '-V' is missing (expected 1 value)
clang: error: no input files
configure:3217: $? = 1
configure:3206: gcc -qversion >&5
clang: error: no input files
configure:3217: $? = 1
configure:3237: checking whether the C compiler works
configure:3259: gcc    conftest.c  >&5
configure:3263: $? = 0
configure:3311: result: yes
configure:3314: checking for C compiler default output file name
configure:3316: result: a.out
configure:3322: checking for suffix of executables
configure:3329: gcc -o conftest    conftest.c  >&5
configure:3333: $? = 0
configure:3355: result: 
configure:3377: checking whether we are cross compiling
configure:3385: gcc -o conftest    conftest.c  >&5
configure:3389: $? = 0
configure:3396: ./conftest
configure:3400: $? = 0
configure:3415: result: no
configure:3420: checking for suffix of object files
configure:3442: gcc -c   conftest.c >&5
configure:3446: $? = 0
configure:3467: result: o
configure:3471: checking whether we are using the GNU C compiler
configure:3490: gcc -c   conftest.c >&5
configure:3490: $? = 0
configure:3499: result: yes
configure:3508: checking whether gcc accepts -g
configure:3528: gcc -c -g  conftest.c >&5
configure:3528: $? = 0
configure:3569: result: yes
configure:3586: checking for gcc option to accept ISO C89
configure:3649: gcc  -c -g -O2  conftest.c >&5
configure:3649: $? = 0
configure:3662: result: none needed
configure:3687: checking how to run the C preprocessor
configure:3718: gcc -E  conftest.c
configure:3718: $? = 0
configure:3732: gcc -E  conftest.c
conftest.c:9:10: fatal error: 'ac_nonexistent.h' file not found
#include <ac_nonexistent.h>
         ^
1 error generated.
configure:3732: $? = 1
configure: failed program was:
| /* confdefs.h */
| #define PACKAGE_NAME "diderot"
| #define PACKAGE_TARNAME "diderot"
| #define PACKAGE_VERSION "2.0"
| #define PACKAGE_STRING "diderot 2.0"
| #define PACKAGE_BUGREPORT ""
| #define PACKAGE_URL ""
| /* end confdefs.h.  */
| #include <ac_nonexistent.h>
configure:3757: result: gcc -E
configure:3777: gcc -E  conftest.c
configure:3777: $? = 0
configure:3791: gcc -E  conftest.c
conftest.c:9:10: fatal error: 'ac_nonexistent.h' file not found
#include <ac_nonexistent.h>
         ^
1 error generated.
configure:3791: $? = 1
configure: failed program was:
| /* confdefs.h */
| #define PACKAGE_NAME "diderot"
| #define PACKAGE_TARNAME "diderot"
| #define PACKAGE_VERSION "2.0"
| #define PACKAGE_STRING "diderot 2.0"
| #define PACKAGE_BUGREPORT ""
| #define PACKAGE_URL ""
| /* end confdefs.h.  */
| #include <ac_nonexistent.h>
configure:3931: checking for C compiler version
configure:3940: gcc --version >&5
Apple LLVM version 5.0 (clang-500.2.79) (based on LLVM 3.3svn)
Target: x86_64-apple-darwin14.5.0
Thread model: posix
Configured with: --prefix=/Applications/Xcode.app/Contents/Developer/usr --with-gxx-include-dir=/usr/include/c++/4.2.1
configure:3951: $? = 0
configure:3940: gcc -v >&5
Configured with: --prefix=/Applications/Xcode.app/Contents/Developer/usr --with-gxx-include-dir=/usr/include/c++/4.2.1
Apple LLVM version 5.0 (clang-500.2.79) (based on LLVM 3.3svn)
Target: x86_64-apple-darwin14.5.0
Thread model: posix
configure:3951: $? = 0
configure:3940: gcc -V >&5
clang: error: argument to '-V' is missing (expected 1 value)
clang: error: no input files
configure:3951: $? = 1
configure:3940: gcc -qversion >&5
clang: error: no input files
configure:3951: $? = 1
configure:3955: checking whether we are using the GNU C compiler
configure:3983: result: yes
configure:3992: checking whether gcc accepts -g
configure:4053: result: yes
configure:4070: checking for gcc option to accept ISO C89
configure:4146: result: none needed
configure:4224: checking for clang++
configure:4240: found /usr/bin/clang++
configure:4251: result: clang++
configure:4278: checking for C++ compiler version
configure:4287: clang++ --version >&5
Apple LLVM version 5.0 (clang-500.2.79) (based on LLVM 3.3svn)
Target: x86_64-apple-darwin14.5.0
Thread model: posix
configure:4298: $? = 0
configure:4287: clang++ -v >&5
Apple LLVM version 5.0 (clang-500.2.79) (based on LLVM 3.3svn)
Target: x86_64-apple-darwin14.5.0
Thread model: posix
configure:4298: $? = 0
configure:4287: clang++ -V >&5
clang: error: argument to '-V' is missing (expected 1 value)
clang: error: no input files
configure:4298: $? = 1
configure:4287: clang++ -qversion >&5
clang: error: no input files
configure:4298: $? = 1
configure:4302: checking whether we are using the GNU C++ compiler
configure:4321: clang++ -c   conftest.cpp >&5
configure:4321: $? = 0
configure:4330: result: yes
configure:4339: checking whether clang++ accepts -g
configure:4359: clang++ -c -g  conftest.cpp >&5
configure:4359: $? = 0
configure:4400: result: yes
configure:4431: checking whether clang++ supports C++11 features by default
configure:4725: clang++ -c -g -O2  conftest.cpp >&5
conftest.cpp:20:2: error: "This is not a C++11 compiler"
#error "This is not a C++11 compiler"
 ^
1 error generated.
configure:4725: $? = 1
configure: failed program was:
| /* confdefs.h */
| #define PACKAGE_NAME "diderot"
| #define PACKAGE_TARNAME "diderot"
| #define PACKAGE_VERSION "2.0"
| #define PACKAGE_STRING "diderot 2.0"
| #define PACKAGE_BUGREPORT ""
| #define PACKAGE_URL ""
| /* end confdefs.h.  */
| 
| 
| // If the compiler admits that it is not ready for C++11, why torture it?
| // Hopefully, this will speed up the test.
| 
| #ifndef __cplusplus
| 
| #error "This is not a C++ compiler"
| 
| #elif __cplusplus < 201103L
| 
| #error "This is not a C++11 compiler"
| 
| #else
| 
| namespace cxx11
| {
| 
|   namespace test_static_assert
|   {
| 
|     template <typename T>
|     struct check
|     {
|       static_assert(sizeof(int) <= sizeof(T), "not big enough");
|     };
| 
|   }
| 
|   namespace test_final_override
|   {
| 
|     struct Base
|     {
|       virtual void f() {}
|     };
| 
|     struct Derived : public Base
|     {
|       virtual void f() override {}
|     };
| 
|   }
| 
|   namespace test_double_right_angle_brackets
|   {
| 
|     template < typename T >
|     struct check {};
| 
|     typedef check<void> single_type;
|     typedef check<check<void>> double_type;
|     typedef check<check<check<void>>> triple_type;
|     typedef check<check<check<check<void>>>> quadruple_type;
| 
|   }
| 
|   namespace test_decltype
|   {
| 
|     int
|     f()
|     {
|       int a = 1;
|       decltype(a) b = 2;
|       return a + b;
|     }
| 
|   }
| 
|   namespace test_type_deduction
|   {
| 
|     template < typename T1, typename T2 >
|     struct is_same
|     {
|       static const bool value = false;
|     };
| 
|     template < typename T >
|     struct is_same<T, T>
|     {
|       static const bool value = true;
|     };
| 
|     template < typename T1, typename T2 >
|     auto
|     add(T1 a1, T2 a2) -> decltype(a1 + a2)
|     {
|       return a1 + a2;
|     }
| 
|     int
|     test(const int c, volatile int v)
|     {
|       static_assert(is_same<int, decltype(0)>::value == true, "");
|       static_assert(is_same<int, decltype(c)>::value == false, "");
|       static_assert(is_same<int, decltype(v)>::value == false, "");
|       auto ac = c;
|       auto av = v;
|       auto sumi = ac + av + 'x';
|       auto sumf = ac + av + 1.0;
|       static_assert(is_same<int, decltype(ac)>::value == true, "");
|       static_assert(is_same<int, decltype(av)>::value == true, "");
|       static_assert(is_same<int, decltype(sumi)>::value == true, "");
|       static_assert(is_same<int, decltype(sumf)>::value == false, "");
|       static_assert(is_same<int, decltype(add(c, v))>::value == true, "");
|       return (sumf > 0.0) ? sumi : add(c, v);
|     }
| 
|   }
| 
|   namespace test_noexcept
|   {
| 
|     int f() { return 0; }
|     int g() noexcept { return 0; }
| 
|     static_assert(noexcept(f()) == false, "");
|     static_assert(noexcept(g()) == true, "");
| 
|   }
| 
|   namespace test_constexpr
|   {
| 
|     template < typename CharT >
|     unsigned long constexpr
|     strlen_c_r(const CharT *const s, const unsigned long acc) noexcept
|     {
|       return *s ? strlen_c_r(s + 1, acc + 1) : acc;
|     }
| 
|     template < typename CharT >
|     unsigned long constexpr
|     strlen_c(const CharT *const s) noexcept
|     {
|       return strlen_c_r(s, 0UL);
|     }
| 
|     static_assert(strlen_c("") == 0UL, "");
|     static_assert(strlen_c("1") == 1UL, "");
|     static_assert(strlen_c("example") == 7UL, "");
|     static_assert(strlen_c("another\0example") == 7UL, "");
| 
|   }
| 
|   namespace test_rvalue_references
|   {
| 
|     template < int N >
|     struct answer
|     {
|       static constexpr int value = N;
|     };
| 
|     answer<1> f(int&)       { return answer<1>(); }
|     answer<2> f(const int&) { return answer<2>(); }
|     answer<3> f(int&&)      { return answer<3>(); }
| 
|     void
|     test()
|     {
|       int i = 0;
|       const int c = 0;
|       static_assert(decltype(f(i))::value == 1, "");
|       static_assert(decltype(f(c))::value == 2, "");
|       static_assert(decltype(f(0))::value == 3, "");
|     }
| 
|   }
| 
|   namespace test_uniform_initialization
|   {
| 
|     struct test
|     {
|       static const int zero {};
|       static const int one {1};
|     };
| 
|     static_assert(test::zero == 0, "");
|     static_assert(test::one == 1, "");
| 
|   }
| 
|   namespace test_lambdas
|   {
| 
|     void
|     test1()
|     {
|       auto lambda1 = [](){};
|       auto lambda2 = lambda1;
|       lambda1();
|       lambda2();
|     }
| 
|     int
|     test2()
|     {
|       auto a = [](int i, int j){ return i + j; }(1, 2);
|       auto b = []() -> int { return '0'; }();
|       auto c = [=](){ return a + b; }();
|       auto d = [&](){ return c; }();
|       auto e = [a, &b](int x) mutable {
|         const auto identity = [](int y){ return y; };
|         for (auto i = 0; i < a; ++i)
|           a += b--;
|         return x + identity(a + b);
|       }(0);
|       return a + b + c + d + e;
|     }
| 
|     int
|     test3()
|     {
|       const auto nullary = [](){ return 0; };
|       const auto unary = [](int x){ return x; };
|       using nullary_t = decltype(nullary);
|       using unary_t = decltype(unary);
|       const auto higher1st = [](nullary_t f){ return f(); };
|       const auto higher2nd = [unary](nullary_t f1){
|         return [unary, f1](unary_t f2){ return f2(unary(f1())); };
|       };
|       return higher1st(nullary) + higher2nd(nullary)(unary);
|     }
| 
|   }
| 
|   namespace test_variadic_templates
|   {
| 
|     template <int...>
|     struct sum;
| 
|     template <int N0, int... N1toN>
|     struct sum<N0, N1toN...>
|     {
|       static constexpr auto value = N0 + sum<N1toN...>::value;
|     };
| 
|     template <>
|     struct sum<>
|     {
|       static constexpr auto value = 0;
|     };
| 
|     static_assert(sum<>::value == 0, "");
|     static_assert(sum<1>::value == 1, "");
|     static_assert(sum<23>::value == 23, "");
|     static_assert(sum<1, 2>::value == 3, "");
|     static_assert(sum<5, 5, 11>::value == 21, "");
|     static_assert(sum<2, 3, 5, 7, 11, 13>::value == 41, "");
| 
|   }
| 
|   // http://stackoverflow.com/questions/13728184/template-aliases-and-sfinae
|   // Clang 3.1 fails with headers of libstd++ 4.8.3 when using std::function
|   // because of this.
|   namespace test_template_alias_sfinae
|   {
| 
|     struct foo {};
| 
|     template<typename T>
|     using member = typename T::member_type;
| 
|     template<typename T>
|     void func(...) {}
| 
|     template<typename T>
|     void func(member<T>*) {}
| 
|     void test();
| 
|     void test() { func<foo>(0); }
| 
|   }
| 
| }  // namespace cxx11
| 
| #endif  // __cplusplus >= 201103L
| 
| 
| 
configure:4732: result: no
configure:4741: checking whether clang++ supports C++11 features with -std=gnu++11
configure:5037: clang++ -std=gnu++11 -c -g -O2  conftest.cpp >&5
configure:5037: $? = 0
configure:5046: result: yes
configure:5416: checking for a BSD-compatible install
configure:5484: result: /usr/bin/install -c
configure:5495: checking whether make sets $(MAKE)
configure:5517: result: yes
configure:5529: checking for ld
configure:5547: found /usr/bin/ld
configure:5560: result: /usr/bin/ld
configure:5583: checking for x86 cpuid  output
configure:5615: gcc -o conftest -g -O2   conftest.c  >&5
conftest.c:15:15: error: expected expression
     int op = , level = 0, eax, ebx, ecx, edx;
              ^
1 error generated.
configure:5615: $? = 1
configure: program exited with status 1
configure: failed program was:
| /* confdefs.h */
| #define PACKAGE_NAME "diderot"
| #define PACKAGE_TARNAME "diderot"
| #define PACKAGE_VERSION "2.0"
| #define PACKAGE_STRING "diderot 2.0"
| #define PACKAGE_BUGREPORT ""
| #define PACKAGE_URL ""
| #define HAVE_CXX11 1
| /* end confdefs.h.  */
| #include <stdio.h>
| int
| main ()
| {
| 
|      int op = , level = 0, eax, ebx, ecx, edx;
|      FILE *f;
|       __asm__ __volatile__ ("xchg %%ebx, %1\n"
|         "cpuid\n"
|         "xchg %%ebx, %1\n"
|         : "=a" (eax), "=r" (ebx), "=c" (ecx), "=d" (edx)
|         : "a" (op), "2" (level));
| 
|      f = fopen("conftest_cpuid", "w"); if (!f) return 1;
|      fprintf(f, "%x:%x:%x:%x\n", eax, ebx, ecx, edx);
|      fclose(f);
|      return 0;
| 
|   ;
|   return 0;
| }
configure:5625: result: unknown
configure:5642: checking for x86-AVX xgetbv  output
configure:5672: gcc -o conftest -g -O2   conftest.c  >&5
conftest.c:15:15: error: expected expression
     int op = , eax, edx;
              ^
1 error generated.
configure:5672: $? = 1
configure: program exited with status 1
configure: failed program was:
| /* confdefs.h */
| #define PACKAGE_NAME "diderot"
| #define PACKAGE_TARNAME "diderot"
| #define PACKAGE_VERSION "2.0"
| #define PACKAGE_STRING "diderot 2.0"
| #define PACKAGE_BUGREPORT ""
| #define PACKAGE_URL ""
| #define HAVE_CXX11 1
| /* end confdefs.h.  */
| #include <stdio.h>
| int
| main ()
| {
| 
|      int op = , eax, edx;
|      FILE *f;
|       /* Opcodes for xgetbv */
|       __asm__ __volatile__ (".byte 0x0f, 0x01, 0xd0"
|         : "=a" (eax), "=d" (edx)
|         : "c" (op));
|      f = fopen("conftest_xgetbv", "w"); if (!f) return 1;
|      fprintf(f, "%x:%x\n", eax, edx);
|      fclose(f);
|      return 0;
| 
|   ;
|   return 0;
| }
configure:5682: result: unknown
configure:5772: checking for x86 cpuid 0x00000000 output
configure:5804: gcc -o conftest -g -O2   conftest.c  >&5
configure:5804: $? = 0
configure:5804: ./conftest
configure:5804: $? = 0
configure:5814: result: d:756e6547:6c65746e:49656e69
configure:5837: checking for x86 cpuid 0x80000000 output
configure:5869: gcc -o conftest -g -O2   conftest.c  >&5
configure:5869: $? = 0
configure:5869: ./conftest
configure:5869: $? = 0
configure:5879: result: 80000008:0:0:0
configure:5904: checking for x86 cpuid 0x00000001 output
configure:5936: gcc -o conftest -g -O2   conftest.c  >&5
configure:5936: $? = 0
configure:5936: ./conftest
configure:5936: $? = 0
configure:5946: result: 40661:2100800:7ffafbbf:bfebfbff
configure:5973: checking for x86 cpuid 0x00000007 output
configure:6005: gcc -o conftest -g -O2   conftest.c  >&5
configure:6005: $? = 0
configure:6005: ./conftest
configure:6005: $? = 0
configure:6015: result: 0:27ab:0:0
configure:6041: checking for x86 cpuid 0x80000001 output
configure:6073: gcc -o conftest -g -O2   conftest.c  >&5
configure:6073: $? = 0
configure:6073: ./conftest
configure:6073: $? = 0
configure:6083: result: 0:0:21:2c100800
configure:6142: gcc -o conftest -g -O2   conftest.c  >&5
configure:6142: $? = 0
configure:6142: ./conftest
configure:6142: $? = 0
configure:6171: checking for x86-AVX xgetbv 0x00000000 output
configure:6201: gcc -o conftest -g -O2   conftest.c  >&5
configure:6201: $? = 0
configure:6201: ./conftest
configure:6201: $? = 0
configure:6211: result: 7:0
configure:6265: checking whether RDRND is supported by the processor
configure:6278: result: yes
configure:6282: checking whether RDRND is supported by the processor and OS
configure:6295: result: yes
configure:6300: checking whether C compiler accepts -mrdrnd
configure:6319: gcc -c -g -O2  -mrdrnd  conftest.c >&5
configure:6319: $? = 0
configure:6328: result: yes
configure:6265: checking whether BMI1 is supported by the processor
configure:6278: result: yes
configure:6282: checking whether BMI1 is supported by the processor and OS
configure:6295: result: yes
configure:6300: checking whether C compiler accepts -mbmi
configure:6319: gcc -c -g -O2  -mbmi  conftest.c >&5
configure:6319: $? = 0
configure:6328: result: yes
configure:6265: checking whether BMI2 is supported by the processor
configure:6278: result: yes
configure:6282: checking whether BMI2 is supported by the processor and OS
configure:6295: result: yes
configure:6300: checking whether C compiler accepts -mbmi2
configure:6319: gcc -c -g -O2  -mbmi2  conftest.c >&5
configure:6319: $? = 0
configure:6328: result: yes
configure:6265: checking whether ADX is supported by the processor
configure:6278: result: no
configure:6265: checking whether MPX is supported by the processor
configure:6278: result: no
configure:6265: checking whether PREFETCHWT1 is supported by the processor
configure:6278: result: no
configure:6265: checking whether ABM is supported by the processor
configure:6278: result: yes
configure:6282: checking whether ABM is supported by the processor and OS
configure:6295: result: yes
configure:6300: checking whether C compiler accepts -mabm
configure:6319: gcc -c -g -O2  -mabm  conftest.c >&5
clang: warning: argument unused during compilation: '-mabm'
configure:6319: $? = 0
configure:6328: result: yes
configure:6265: checking whether MMX is supported by the processor
configure:6278: result: yes
configure:6282: checking whether MMX is supported by the processor and OS
configure:6295: result: yes
configure:6300: checking whether C compiler accepts -mmmx
configure:6319: gcc -c -g -O2  -mmmx  conftest.c >&5
configure:6319: $? = 0
configure:6328: result: yes
configure:6265: checking whether SSE is supported by the processor
configure:6278: result: yes
configure:6282: checking whether SSE is supported by the processor and OS
configure:6295: result: yes
configure:6300: checking whether C compiler accepts -msse
configure:6319: gcc -c -g -O2  -msse  conftest.c >&5
configure:6319: $? = 0
configure:6328: result: yes
configure:6265: checking whether SSE2 is supported by the processor
configure:6278: result: yes
configure:6282: checking whether SSE2 is supported by the processor and OS
configure:6295: result: yes
configure:6300: checking whether C compiler accepts -msse2
configure:6319: gcc -c -g -O2  -msse2  conftest.c >&5
configure:6319: $? = 0
configure:6328: result: yes
configure:6265: checking whether SSE3 is supported by the processor
configure:6278: result: yes
configure:6282: checking whether SSE3 is supported by the processor and OS
configure:6295: result: yes
configure:6300: checking whether C compiler accepts -msse3
configure:6319: gcc -c -g -O2  -msse3  conftest.c >&5
configure:6319: $? = 0
configure:6328: result: yes
configure:6265: checking whether SSSE3 is supported by the processor
configure:6278: result: yes
configure:6282: checking whether SSSE3 is supported by the processor and OS
configure:6295: result: yes
configure:6300: checking whether C compiler accepts -mssse3
configure:6319: gcc -c -g -O2  -mssse3  conftest.c >&5
configure:6319: $? = 0
configure:6328: result: yes
configure:6265: checking whether SSE4.1 is supported by the processor
configure:6278: result: yes
configure:6282: checking whether SSE4.1 is supported by the processor and OS
configure:6295: result: yes
configure:6300: checking whether C compiler accepts -msse4.1
configure:6319: gcc -c -g -O2  -msse4.1  conftest.c >&5
configure:6319: $? = 0
configure:6328: result: yes
configure:6265: checking whether SSE4.2 is supported by the processor
configure:6278: result: yes
configure:6282: checking whether SSE4.2 is supported by the processor and OS
configure:6295: result: yes
configure:6300: checking whether C compiler accepts -msse4.2
configure:6319: gcc -c -g -O2  -msse4.2  conftest.c >&5
configure:6319: $? = 0
configure:6328: result: yes
configure:6265: checking whether SSE4a is supported by the processor
configure:6278: result: no
configure:6265: checking whether SHA is supported by the processor
configure:6278: result: no
configure:6265: checking whether AES is supported by the processor
configure:6278: result: yes
configure:6282: checking whether AES is supported by the processor and OS
configure:6295: result: yes
configure:6300: checking whether C compiler accepts -maes
configure:6319: gcc -c -g -O2  -maes  conftest.c >&5
configure:6319: $? = 0
configure:6328: result: yes
configure:6265: checking whether AVX is supported by the processor
configure:6278: result: yes
configure:6282: checking whether AVX is supported by the processor and OS
configure:6295: result: yes
configure:6300: checking whether C compiler accepts -mavx
configure:6319: gcc -c -g -O2  -mavx  conftest.c >&5
configure:6319: $? = 0
configure:6328: result: yes
configure:6265: checking whether FMA3 is supported by the processor
configure:6278: result: yes
configure:6282: checking whether FMA3 is supported by the processor and OS
configure:6295: result: yes
configure:6300: checking whether C compiler accepts -mfma
configure:6319: gcc -c -g -O2  -mfma  conftest.c >&5
configure:6319: $? = 0
configure:6328: result: yes
configure:6265: checking whether FMA4 is supported by the processor
configure:6278: result: no
configure:6265: checking whether XOP is supported by the processor
configure:6278: result: no
configure:6265: checking whether AVX2 is supported by the processor
configure:6278: result: yes
configure:6282: checking whether AVX2 is supported by the processor and OS
configure:6295: result: yes
configure:6300: checking whether C compiler accepts -mavx2
configure:6319: gcc -c -g -O2  -mavx2  conftest.c >&5
configure:6319: $? = 0
configure:6328: result: yes
configure:6265: checking whether AVX512-F is supported by the processor
configure:6278: result: no
configure:6265: checking whether AVX512-CD is supported by the processor
configure:6278: result: no
configure:6265: checking whether AVX512-PF is supported by the processor
configure:6278: result: no
configure:6265: checking whether AVX512-ER is supported by the processor
configure:6278: result: no
configure:6265: checking whether AVX512-VL is supported by the processor
configure:6278: result: no
configure:6265: checking whether AVX512-BW is supported by the processor
configure:6278: result: no
configure:6265: checking whether AVX512-DQ is supported by the processor
configure:6278: result: no
configure:6265: checking whether AVX512-IFMA is supported by the processor
configure:6278: result: no
configure:6265: checking whether AVX512-VBMI is supported by the processor
configure:6278: result: no
configure:6426: checking for builtin atomic operations
configure:6439: gcc -o conftest -g -O2    conftest.c  >&5
configure:6439: $? = 0
configure:6440: result: yes
configure:6453: checking for grep that handles long lines and -e
configure:6511: result: /usr/bin/grep
configure:6516: checking for egrep
configure:6578: result: /usr/bin/grep -E
configure:6583: checking for ANSI C header files
configure:6603: gcc -c -g -O2   conftest.c >&5
configure:6603: $? = 0
configure:6676: gcc -o conftest -g -O2    conftest.c  >&5
configure:6676: $? = 0
configure:6676: ./conftest
configure:6676: $? = 0
configure:6687: result: yes
configure:6700: checking for sys/types.h
configure:6700: gcc -c -g -O2   conftest.c >&5
configure:6700: $? = 0
configure:6700: result: yes
configure:6700: checking for sys/stat.h
configure:6700: gcc -c -g -O2   conftest.c >&5
configure:6700: $? = 0
configure:6700: result: yes
configure:6700: checking for stdlib.h
configure:6700: gcc -c -g -O2   conftest.c >&5
configure:6700: $? = 0
configure:6700: result: yes
configure:6700: checking for string.h
configure:6700: gcc -c -g -O2   conftest.c >&5
configure:6700: $? = 0
configure:6700: result: yes
configure:6700: checking for memory.h
configure:6700: gcc -c -g -O2   conftest.c >&5
configure:6700: $? = 0
configure:6700: result: yes
configure:6700: checking for strings.h
configure:6700: gcc -c -g -O2   conftest.c >&5
configure:6700: $? = 0
configure:6700: result: yes
configure:6700: checking for inttypes.h
configure:6700: gcc -c -g -O2   conftest.c >&5
configure:6700: $? = 0
configure:6700: result: yes
configure:6700: checking for stdint.h
configure:6700: gcc -c -g -O2   conftest.c >&5
configure:6700: $? = 0
configure:6700: result: yes
configure:6700: checking for unistd.h
configure:6700: gcc -c -g -O2   conftest.c >&5
configure:6700: $? = 0
configure:6700: result: yes
configure:6712: checking whether byte ordering is bigendian
configure:6727: gcc -c -g -O2   conftest.c >&5
configure:6727: $? = 0
configure:6772: gcc -c -g -O2   conftest.c >&5
configure:6772: $? = 0
configure:6790: gcc -c -g -O2   conftest.c >&5
conftest.c:43:4: error: use of undeclared identifier 'not'
                 not big endian
                 ^
1 error generated.
configure:6790: $? = 1
configure: failed program was:
| /* confdefs.h */
| #define PACKAGE_NAME "diderot"
| #define PACKAGE_TARNAME "diderot"
| #define PACKAGE_VERSION "2.0"
| #define PACKAGE_STRING "diderot 2.0"
| #define PACKAGE_BUGREPORT ""
| #define PACKAGE_URL ""
| #define HAVE_CXX11 1
| #define HAVE_RDRND 1
| #define HAVE_BMI1 1
| #define HAVE_BMI2 1
| #define HAVE_ABM 1
| #define HAVE_MMX 1
| #define HAVE_SSE 1
| #define HAVE_SSE2 1
| #define HAVE_SSE3 1
| #define HAVE_SSSE3 1
| #define HAVE_SSE4_1 1
| #define HAVE_SSE4_2 1
| #define HAVE_AES 1
| #define HAVE_AVX 1
| #define HAVE_FMA3 1
| #define HAVE_AVX2 1
| #define HAVE_BUILTIN_ATOMIC_OPS 1
| #define STDC_HEADERS 1
| #define HAVE_SYS_TYPES_H 1
| #define HAVE_SYS_STAT_H 1
| #define HAVE_STDLIB_H 1
| #define HAVE_STRING_H 1
| #define HAVE_MEMORY_H 1
| #define HAVE_STRINGS_H 1
| #define HAVE_INTTYPES_H 1
| #define HAVE_STDINT_H 1
| #define HAVE_UNISTD_H 1
| /* end confdefs.h.  */
| #include <sys/types.h>
| 		#include <sys/param.h>
| 
| int
| main ()
| {
| #if BYTE_ORDER != BIG_ENDIAN
| 		 not big endian
| 		#endif
| 
|   ;
|   return 0;
| }
configure:6918: result: no
configure:6943: checking size of int
configure:6948: gcc -o conftest -g -O2    conftest.c  >&5
configure:6948: $? = 0
configure:6948: ./conftest
configure:6948: $? = 0
configure:6962: result: 4
configure:6977: checking size of long
configure:6982: gcc -o conftest -g -O2    conftest.c  >&5
configure:6982: $? = 0
configure:6982: ./conftest
configure:6982: $? = 0
configure:6996: result: 8
configure:7011: checking size of float
configure:7016: gcc -o conftest -g -O2    conftest.c  >&5
configure:7016: $? = 0
configure:7016: ./conftest
configure:7016: $? = 0
configure:7030: result: 4
configure:7045: checking size of double
configure:7050: gcc -o conftest -g -O2    conftest.c  >&5
configure:7050: $? = 0
configure:7050: ./conftest
configure:7050: $? = 0
configure:7064: result: 8
configure:7083: checking for stdbool.h that conforms to C99
configure:7150: gcc -c -g -O2  conftest.c >&5
configure:7150: $? = 0
configure:7157: result: yes
configure:7159: checking for _Bool
configure:7159: gcc -c -g -O2  conftest.c >&5
configure:7159: $? = 0
configure:7159: gcc -c -g -O2  conftest.c >&5
conftest.c:76:20: error: expected expression
if (sizeof ((_Bool)))
                   ^
1 error generated.
configure:7159: $? = 1
configure: failed program was:
| /* confdefs.h */
| #define PACKAGE_NAME "diderot"
| #define PACKAGE_TARNAME "diderot"
| #define PACKAGE_VERSION "2.0"
| #define PACKAGE_STRING "diderot 2.0"
| #define PACKAGE_BUGREPORT ""
| #define PACKAGE_URL ""
| #define HAVE_CXX11 1
| #define HAVE_RDRND 1
| #define HAVE_BMI1 1
| #define HAVE_BMI2 1
| #define HAVE_ABM 1
| #define HAVE_MMX 1
| #define HAVE_SSE 1
| #define HAVE_SSE2 1
| #define HAVE_SSE3 1
| #define HAVE_SSSE3 1
| #define HAVE_SSE4_1 1
| #define HAVE_SSE4_2 1
| #define HAVE_AES 1
| #define HAVE_AVX 1
| #define HAVE_FMA3 1
| #define HAVE_AVX2 1
| #define HAVE_BUILTIN_ATOMIC_OPS 1
| #define STDC_HEADERS 1
| #define HAVE_SYS_TYPES_H 1
| #define HAVE_SYS_STAT_H 1
| #define HAVE_STDLIB_H 1
| #define HAVE_STRING_H 1
| #define HAVE_MEMORY_H 1
| #define HAVE_STRINGS_H 1
| #define HAVE_INTTYPES_H 1
| #define HAVE_STDINT_H 1
| #define HAVE_UNISTD_H 1
| #define SIZEOF_INT 4
| #define SIZEOF_LONG 8
| #define SIZEOF_FLOAT 4
| #define SIZEOF_DOUBLE 8
| /* end confdefs.h.  */
| #include <stdio.h>
| #ifdef HAVE_SYS_TYPES_H
| # include <sys/types.h>
| #endif
| #ifdef HAVE_SYS_STAT_H
| # include <sys/stat.h>
| #endif
| #ifdef STDC_HEADERS
| # include <stdlib.h>
| # include <stddef.h>
| #else
| # ifdef HAVE_STDLIB_H
| #  include <stdlib.h>
| # endif
| #endif
| #ifdef HAVE_STRING_H
| # if !defined STDC_HEADERS && defined HAVE_MEMORY_H
| #  include <memory.h>
| # endif
| # include <string.h>
| #endif
| #ifdef HAVE_STRINGS_H
| # include <strings.h>
| #endif
| #ifdef HAVE_INTTYPES_H
| # include <inttypes.h>
| #endif
| #ifdef HAVE_STDINT_H
| # include <stdint.h>
| #endif
| #ifdef HAVE_UNISTD_H
| # include <unistd.h>
| #endif
| int
| main ()
| {
| if (sizeof ((_Bool)))
| 	    return 0;
|   ;
|   return 0;
| }
configure:7159: result: yes
configure:7351: checking for the pthreads library -lpthreads
configure:7384: gcc -o conftest -g -O2    conftest.c -lpthreads  >&5
ld: library not found for -lpthreads
clang: error: linker command failed with exit code 1 (use -v to see invocation)
configure:7384: $? = 1
configure: failed program was:
| /* confdefs.h */
| #define PACKAGE_NAME "diderot"
| #define PACKAGE_TARNAME "diderot"
| #define PACKAGE_VERSION "2.0"
| #define PACKAGE_STRING "diderot 2.0"
| #define PACKAGE_BUGREPORT ""
| #define PACKAGE_URL ""
| #define HAVE_CXX11 1
| #define HAVE_RDRND 1
| #define HAVE_BMI1 1
| #define HAVE_BMI2 1
| #define HAVE_ABM 1
| #define HAVE_MMX 1
| #define HAVE_SSE 1
| #define HAVE_SSE2 1
| #define HAVE_SSE3 1
| #define HAVE_SSSE3 1
| #define HAVE_SSE4_1 1
| #define HAVE_SSE4_2 1
| #define HAVE_AES 1
| #define HAVE_AVX 1
| #define HAVE_FMA3 1
| #define HAVE_AVX2 1
| #define HAVE_BUILTIN_ATOMIC_OPS 1
| #define STDC_HEADERS 1
| #define HAVE_SYS_TYPES_H 1
| #define HAVE_SYS_STAT_H 1
| #define HAVE_STDLIB_H 1
| #define HAVE_STRING_H 1
| #define HAVE_MEMORY_H 1
| #define HAVE_STRINGS_H 1
| #define HAVE_INTTYPES_H 1
| #define HAVE_STDINT_H 1
| #define HAVE_UNISTD_H 1
| #define SIZEOF_INT 4
| #define SIZEOF_LONG 8
| #define SIZEOF_FLOAT 4
| #define SIZEOF_DOUBLE 8
| #define HAVE__BOOL 1
| #define HAVE_STDBOOL_H 1
| /* end confdefs.h.  */
| #include <pthread.h>
| int
| main ()
| {
| pthread_t th; pthread_join(th, 0);
|                      pthread_attr_init(0); pthread_cleanup_push(0, 0);
|                      pthread_create(0,0,0,0); pthread_cleanup_pop(0);
|   ;
|   return 0;
| }
configure:7393: result: no
configure:7296: checking whether pthreads work without any flags
configure:7384: gcc -o conftest -g -O2    conftest.c   >&5
configure:7384: $? = 0
configure:7393: result: yes
configure:7412: checking for joinable pthread attribute
configure:7427: gcc -o conftest -g -O2    conftest.c   >&5
configure:7427: $? = 0
configure:7433: result: PTHREAD_CREATE_JOINABLE
configure:7443: checking if more special flags are required for pthreads
configure:7450: result: -D_THREAD_SAFE
configure:7535: checking for posix_memalign
configure:7535: gcc -o conftest -g -O2   conftest.c  >&5
configure:7535: $? = 0
configure:7535: result: yes
configure:7573: checking for mach_absolute_time
configure:7573: gcc -o conftest -g -O2   conftest.c  >&5
configure:7573: $? = 0
configure:7573: result: yes
configure:7582: checking for struct timespec
configure:7582: gcc -c -g -O2  conftest.c >&5
configure:7582: $? = 0
configure:7582: gcc -c -g -O2  conftest.c >&5
conftest.c:81:30: error: expected expression
if (sizeof ((struct timespec)))
                             ^
1 error generated.
configure:7582: $? = 1
configure: failed program was:
| /* confdefs.h */
| #define PACKAGE_NAME "diderot"
| #define PACKAGE_TARNAME "diderot"
| #define PACKAGE_VERSION "2.0"
| #define PACKAGE_STRING "diderot 2.0"
| #define PACKAGE_BUGREPORT ""
| #define PACKAGE_URL ""
| #define HAVE_CXX11 1
| #define HAVE_RDRND 1
| #define HAVE_BMI1 1
| #define HAVE_BMI2 1
| #define HAVE_ABM 1
| #define HAVE_MMX 1
| #define HAVE_SSE 1
| #define HAVE_SSE2 1
| #define HAVE_SSE3 1
| #define HAVE_SSSE3 1
| #define HAVE_SSE4_1 1
| #define HAVE_SSE4_2 1
| #define HAVE_AES 1
| #define HAVE_AVX 1
| #define HAVE_FMA3 1
| #define HAVE_AVX2 1
| #define HAVE_BUILTIN_ATOMIC_OPS 1
| #define STDC_HEADERS 1
| #define HAVE_SYS_TYPES_H 1
| #define HAVE_SYS_STAT_H 1
| #define HAVE_STDLIB_H 1
| #define HAVE_STRING_H 1
| #define HAVE_MEMORY_H 1
| #define HAVE_STRINGS_H 1
| #define HAVE_INTTYPES_H 1
| #define HAVE_STDINT_H 1
| #define HAVE_UNISTD_H 1
| #define SIZEOF_INT 4
| #define SIZEOF_LONG 8
| #define SIZEOF_FLOAT 4
| #define SIZEOF_DOUBLE 8
| #define HAVE__BOOL 1
| #define HAVE_STDBOOL_H 1
| #define HAVE_PTHREAD 1
| #define HAVE_POSIX_MEMALIGN 1
| #define HAVE_MACH_ABSOLUTE_TIME 1
| /* end confdefs.h.  */
| #include <stdio.h>
| #ifdef HAVE_SYS_TYPES_H
| # include <sys/types.h>
| #endif
| #ifdef HAVE_SYS_STAT_H
| # include <sys/stat.h>
| #endif
| #ifdef STDC_HEADERS
| # include <stdlib.h>
| # include <stddef.h>
| #else
| # ifdef HAVE_STDLIB_H
| #  include <stdlib.h>
| # endif
| #endif
| #ifdef HAVE_STRING_H
| # if !defined STDC_HEADERS && defined HAVE_MEMORY_H
| #  include <memory.h>
| # endif
| # include <string.h>
| #endif
| #ifdef HAVE_STRINGS_H
| # include <strings.h>
| #endif
| #ifdef HAVE_INTTYPES_H
| # include <inttypes.h>
| #endif
| #ifdef HAVE_STDINT_H
| # include <stdint.h>
| #endif
| #ifdef HAVE_UNISTD_H
| # include <unistd.h>
| #endif
| int
| main ()
| {
| if (sizeof ((struct timespec)))
| 	    return 0;
|   ;
|   return 0;
| }
configure:7582: result: yes
configure:7594: checking for pthread_barrier_init
configure:7594: gcc -o conftest -g -O2   conftest.c  >&5
Undefined symbols for architecture x86_64:
  "_pthread_barrier_init", referenced from:
      _main in conftest-0W3S6m.o
ld: symbol(s) not found for architecture x86_64
clang: error: linker command failed with exit code 1 (use -v to see invocation)
configure:7594: $? = 1
configure: failed program was:
| /* confdefs.h */
| #define PACKAGE_NAME "diderot"
| #define PACKAGE_TARNAME "diderot"
| #define PACKAGE_VERSION "2.0"
| #define PACKAGE_STRING "diderot 2.0"
| #define PACKAGE_BUGREPORT ""
| #define PACKAGE_URL ""
| #define HAVE_CXX11 1
| #define HAVE_RDRND 1
| #define HAVE_BMI1 1
| #define HAVE_BMI2 1
| #define HAVE_ABM 1
| #define HAVE_MMX 1
| #define HAVE_SSE 1
| #define HAVE_SSE2 1
| #define HAVE_SSE3 1
| #define HAVE_SSSE3 1
| #define HAVE_SSE4_1 1
| #define HAVE_SSE4_2 1
| #define HAVE_AES 1
| #define HAVE_AVX 1
| #define HAVE_FMA3 1
| #define HAVE_AVX2 1
| #define HAVE_BUILTIN_ATOMIC_OPS 1
| #define STDC_HEADERS 1
| #define HAVE_SYS_TYPES_H 1
| #define HAVE_SYS_STAT_H 1
| #define HAVE_STDLIB_H 1
| #define HAVE_STRING_H 1
| #define HAVE_MEMORY_H 1
| #define HAVE_STRINGS_H 1
| #define HAVE_INTTYPES_H 1
| #define HAVE_STDINT_H 1
| #define HAVE_UNISTD_H 1
| #define SIZEOF_INT 4
| #define SIZEOF_LONG 8
| #define SIZEOF_FLOAT 4
| #define SIZEOF_DOUBLE 8
| #define HAVE__BOOL 1
| #define HAVE_STDBOOL_H 1
| #define HAVE_PTHREAD 1
| #define HAVE_POSIX_MEMALIGN 1
| #define HAVE_MACH_ABSOLUTE_TIME 1
| #define HAVE_STRUCT_TIMESPEC 1
| /* end confdefs.h.  */
| /* Define pthread_barrier_init to an innocuous variant, in case <limits.h> declares pthread_barrier_init.
|    For example, HP-UX 11i <limits.h> declares gettimeofday.  */
| #define pthread_barrier_init innocuous_pthread_barrier_init
| 
| /* System header to define __stub macros and hopefully few prototypes,
|     which can conflict with char pthread_barrier_init (); below.
|     Prefer <limits.h> to <assert.h> if __STDC__ is defined, since
|     <limits.h> exists even on freestanding compilers.  */
| 
| #ifdef __STDC__
| # include <limits.h>
| #else
| # include <assert.h>
| #endif
| 
| #undef pthread_barrier_init
| 
| /* Override any GCC internal prototype to avoid an error.
|    Use char because int might match the return type of a GCC
|    builtin and then its argument prototype would still apply.  */
| #ifdef __cplusplus
| extern "C"
| #endif
| char pthread_barrier_init ();
| /* The GNU C library defines this for functions which it implements
|     to always fail with ENOSYS.  Some functions are actually named
|     something starting with __ and the normal name is an alias.  */
| #if defined __stub_pthread_barrier_init || defined __stub___pthread_barrier_init
| choke me
| #endif
| 
| int
| main ()
| {
| return pthread_barrier_init ();
|   ;
|   return 0;
| }
configure:7594: result: no
configure:7606: checking for clock_gettime
configure:7619: gcc -o conftest -g -O2   conftest.c -lrt  >&5
conftest.c:50:20: warning: implicit declaration of function 'clock_gettime' is invalid in C99 [-Wimplicit-function-declaration]
struct timespec t; clock_gettime(CLOCK_REALTIME, &t);
                   ^
conftest.c:50:34: error: use of undeclared identifier 'CLOCK_REALTIME'
struct timespec t; clock_gettime(CLOCK_REALTIME, &t);
                                 ^
1 warning and 1 error generated.
configure:7619: $? = 1
configure: failed program was:
| /* confdefs.h */
| #define PACKAGE_NAME "diderot"
| #define PACKAGE_TARNAME "diderot"
| #define PACKAGE_VERSION "2.0"
| #define PACKAGE_STRING "diderot 2.0"
| #define PACKAGE_BUGREPORT ""
| #define PACKAGE_URL ""
| #define HAVE_CXX11 1
| #define HAVE_RDRND 1
| #define HAVE_BMI1 1
| #define HAVE_BMI2 1
| #define HAVE_ABM 1
| #define HAVE_MMX 1
| #define HAVE_SSE 1
| #define HAVE_SSE2 1
| #define HAVE_SSE3 1
| #define HAVE_SSSE3 1
| #define HAVE_SSE4_1 1
| #define HAVE_SSE4_2 1
| #define HAVE_AES 1
| #define HAVE_AVX 1
| #define HAVE_FMA3 1
| #define HAVE_AVX2 1
| #define HAVE_BUILTIN_ATOMIC_OPS 1
| #define STDC_HEADERS 1
| #define HAVE_SYS_TYPES_H 1
| #define HAVE_SYS_STAT_H 1
| #define HAVE_STDLIB_H 1
| #define HAVE_STRING_H 1
| #define HAVE_MEMORY_H 1
| #define HAVE_STRINGS_H 1
| #define HAVE_INTTYPES_H 1
| #define HAVE_STDINT_H 1
| #define HAVE_UNISTD_H 1
| #define SIZEOF_INT 4
| #define SIZEOF_LONG 8
| #define SIZEOF_FLOAT 4
| #define SIZEOF_DOUBLE 8
| #define HAVE__BOOL 1
| #define HAVE_STDBOOL_H 1
| #define HAVE_PTHREAD 1
| #define HAVE_POSIX_MEMALIGN 1
| #define HAVE_MACH_ABSOLUTE_TIME 1
| #define HAVE_STRUCT_TIMESPEC 1
| /* end confdefs.h.  */
| #include <time.h>
| int
| main ()
| {
| struct timespec t; clock_gettime(CLOCK_REALTIME, &t);
|   ;
|   return 0;
| }
configure:7629: result: no
configure:7637: checking for pthread_getcpuclockid
configure:7637: gcc -o conftest -g -O2   conftest.c  >&5
Undefined symbols for architecture x86_64:
  "_pthread_getcpuclockid", referenced from:
      _main in conftest-n0XF0Y.o
ld: symbol(s) not found for architecture x86_64
clang: error: linker command failed with exit code 1 (use -v to see invocation)
configure:7637: $? = 1
configure: failed program was:
| /* confdefs.h */
| #define PACKAGE_NAME "diderot"
| #define PACKAGE_TARNAME "diderot"
| #define PACKAGE_VERSION "2.0"
| #define PACKAGE_STRING "diderot 2.0"
| #define PACKAGE_BUGREPORT ""
| #define PACKAGE_URL ""
| #define HAVE_CXX11 1
| #define HAVE_RDRND 1
| #define HAVE_BMI1 1
| #define HAVE_BMI2 1
| #define HAVE_ABM 1
| #define HAVE_MMX 1
| #define HAVE_SSE 1
| #define HAVE_SSE2 1
| #define HAVE_SSE3 1
| #define HAVE_SSSE3 1
| #define HAVE_SSE4_1 1
| #define HAVE_SSE4_2 1
| #define HAVE_AES 1
| #define HAVE_AVX 1
| #define HAVE_FMA3 1
| #define HAVE_AVX2 1
| #define HAVE_BUILTIN_ATOMIC_OPS 1
| #define STDC_HEADERS 1
| #define HAVE_SYS_TYPES_H 1
| #define HAVE_SYS_STAT_H 1
| #define HAVE_STDLIB_H 1
| #define HAVE_STRING_H 1
| #define HAVE_MEMORY_H 1
| #define HAVE_STRINGS_H 1
| #define HAVE_INTTYPES_H 1
| #define HAVE_STDINT_H 1
| #define HAVE_UNISTD_H 1
| #define SIZEOF_INT 4
| #define SIZEOF_LONG 8
| #define SIZEOF_FLOAT 4
| #define SIZEOF_DOUBLE 8
| #define HAVE__BOOL 1
| #define HAVE_STDBOOL_H 1
| #define HAVE_PTHREAD 1
| #define HAVE_POSIX_MEMALIGN 1
| #define HAVE_MACH_ABSOLUTE_TIME 1
| #define HAVE_STRUCT_TIMESPEC 1
| /* end confdefs.h.  */
| /* Define pthread_getcpuclockid to an innocuous variant, in case <limits.h> declares pthread_getcpuclockid.
|    For example, HP-UX 11i <limits.h> declares gettimeofday.  */
| #define pthread_getcpuclockid innocuous_pthread_getcpuclockid
| 
| /* System header to define __stub macros and hopefully few prototypes,
|     which can conflict with char pthread_getcpuclockid (); below.
|     Prefer <limits.h> to <assert.h> if __STDC__ is defined, since
|     <limits.h> exists even on freestanding compilers.  */
| 
| #ifdef __STDC__
| # include <limits.h>
| #else
| # include <assert.h>
| #endif
| 
| #undef pthread_getcpuclockid
| 
| /* Override any GCC internal prototype to avoid an error.
|    Use char because int might match the return type of a GCC
|    builtin and then its argument prototype would still apply.  */
| #ifdef __cplusplus
| extern "C"
| #endif
| char pthread_getcpuclockid ();
| /* The GNU C library defines this for functions which it implements
|     to always fail with ENOSYS.  Some functions are actually named
|     something starting with __ and the normal name is an alias.  */
| #if defined __stub_pthread_getcpuclockid || defined __stub___pthread_getcpuclockid
| choke me
| #endif
| 
| int
| main ()
| {
| return pthread_getcpuclockid ();
|   ;
|   return 0;
| }
configure:7637: result: no
configure:7649: checking for sigtimedwait
configure:7649: gcc -o conftest -g -O2   conftest.c  >&5
Undefined symbols for architecture x86_64:
  "_sigtimedwait", referenced from:
      _main in conftest-Yv4wAS.o
ld: symbol(s) not found for architecture x86_64
clang: error: linker command failed with exit code 1 (use -v to see invocation)
configure:7649: $? = 1
configure: failed program was:
| /* confdefs.h */
| #define PACKAGE_NAME "diderot"
| #define PACKAGE_TARNAME "diderot"
| #define PACKAGE_VERSION "2.0"
| #define PACKAGE_STRING "diderot 2.0"
| #define PACKAGE_BUGREPORT ""
| #define PACKAGE_URL ""
| #define HAVE_CXX11 1
| #define HAVE_RDRND 1
| #define HAVE_BMI1 1
| #define HAVE_BMI2 1
| #define HAVE_ABM 1
| #define HAVE_MMX 1
| #define HAVE_SSE 1
| #define HAVE_SSE2 1
| #define HAVE_SSE3 1
| #define HAVE_SSSE3 1
| #define HAVE_SSE4_1 1
| #define HAVE_SSE4_2 1
| #define HAVE_AES 1
| #define HAVE_AVX 1
| #define HAVE_FMA3 1
| #define HAVE_AVX2 1
| #define HAVE_BUILTIN_ATOMIC_OPS 1
| #define STDC_HEADERS 1
| #define HAVE_SYS_TYPES_H 1
| #define HAVE_SYS_STAT_H 1
| #define HAVE_STDLIB_H 1
| #define HAVE_STRING_H 1
| #define HAVE_MEMORY_H 1
| #define HAVE_STRINGS_H 1
| #define HAVE_INTTYPES_H 1
| #define HAVE_STDINT_H 1
| #define HAVE_UNISTD_H 1
| #define SIZEOF_INT 4
| #define SIZEOF_LONG 8
| #define SIZEOF_FLOAT 4
| #define SIZEOF_DOUBLE 8
| #define HAVE__BOOL 1
| #define HAVE_STDBOOL_H 1
| #define HAVE_PTHREAD 1
| #define HAVE_POSIX_MEMALIGN 1
| #define HAVE_MACH_ABSOLUTE_TIME 1
| #define HAVE_STRUCT_TIMESPEC 1
| /* end confdefs.h.  */
| /* Define sigtimedwait to an innocuous variant, in case <limits.h> declares sigtimedwait.
|    For example, HP-UX 11i <limits.h> declares gettimeofday.  */
| #define sigtimedwait innocuous_sigtimedwait
| 
| /* System header to define __stub macros and hopefully few prototypes,
|     which can conflict with char sigtimedwait (); below.
|     Prefer <limits.h> to <assert.h> if __STDC__ is defined, since
|     <limits.h> exists even on freestanding compilers.  */
| 
| #ifdef __STDC__
| # include <limits.h>
| #else
| # include <assert.h>
| #endif
| 
| #undef sigtimedwait
| 
| /* Override any GCC internal prototype to avoid an error.
|    Use char because int might match the return type of a GCC
|    builtin and then its argument prototype would still apply.  */
| #ifdef __cplusplus
| extern "C"
| #endif
| char sigtimedwait ();
| /* The GNU C library defines this for functions which it implements
|     to always fail with ENOSYS.  Some functions are actually named
|     something starting with __ and the normal name is an alias.  */
| #if defined __stub_sigtimedwait || defined __stub___sigtimedwait
| choke me
| #endif
| 
| int
| main ()
| {
| return sigtimedwait ();
|   ;
|   return 0;
| }
configure:7649: result: no
configure:7649: checking for nanosleep
configure:7649: gcc -o conftest -g -O2   conftest.c  >&5
configure:7649: $? = 0
configure:7649: result: yes
configure:7663: checking for pthread_setaffinity_np
configure:7676: gcc -o conftest -D_THREAD_SAFE  -g -O2   conftest.c   >&5
conftest.c:51:1: error: use of undeclared identifier 'cpu_set_t'
cpu_set_t s; pthread_setaffinity_np(pthread_self(), sizeof(s), &s);
^
conftest.c:51:14: warning: implicit declaration of function 'pthread_setaffinity_np' is invalid in C99 [-Wimplicit-function-declaration]
cpu_set_t s; pthread_setaffinity_np(pthread_self(), sizeof(s), &s);
             ^
conftest.c:51:60: error: use of undeclared identifier 's'
cpu_set_t s; pthread_setaffinity_np(pthread_self(), sizeof(s), &s);
                                                           ^
1 warning and 2 errors generated.
configure:7676: $? = 1
configure: failed program was:
| /* confdefs.h */
| #define PACKAGE_NAME "diderot"
| #define PACKAGE_TARNAME "diderot"
| #define PACKAGE_VERSION "2.0"
| #define PACKAGE_STRING "diderot 2.0"
| #define PACKAGE_BUGREPORT ""
| #define PACKAGE_URL ""
| #define HAVE_CXX11 1
| #define HAVE_RDRND 1
| #define HAVE_BMI1 1
| #define HAVE_BMI2 1
| #define HAVE_ABM 1
| #define HAVE_MMX 1
| #define HAVE_SSE 1
| #define HAVE_SSE2 1
| #define HAVE_SSE3 1
| #define HAVE_SSSE3 1
| #define HAVE_SSE4_1 1
| #define HAVE_SSE4_2 1
| #define HAVE_AES 1
| #define HAVE_AVX 1
| #define HAVE_FMA3 1
| #define HAVE_AVX2 1
| #define HAVE_BUILTIN_ATOMIC_OPS 1
| #define STDC_HEADERS 1
| #define HAVE_SYS_TYPES_H 1
| #define HAVE_SYS_STAT_H 1
| #define HAVE_STDLIB_H 1
| #define HAVE_STRING_H 1
| #define HAVE_MEMORY_H 1
| #define HAVE_STRINGS_H 1
| #define HAVE_INTTYPES_H 1
| #define HAVE_STDINT_H 1
| #define HAVE_UNISTD_H 1
| #define SIZEOF_INT 4
| #define SIZEOF_LONG 8
| #define SIZEOF_FLOAT 4
| #define SIZEOF_DOUBLE 8
| #define HAVE__BOOL 1
| #define HAVE_STDBOOL_H 1
| #define HAVE_PTHREAD 1
| #define HAVE_POSIX_MEMALIGN 1
| #define HAVE_MACH_ABSOLUTE_TIME 1
| #define HAVE_STRUCT_TIMESPEC 1
| #define HAVE_NANOSLEEP 1
| /* end confdefs.h.  */
| #include <pthread.h>
| int
| main ()
| {
| cpu_set_t s; pthread_setaffinity_np(pthread_self(), sizeof(s), &s);
|   ;
|   return 0;
| }
configure:7686: result: no
configure:7691: checking for numa_available in -lnuma
configure:7716: gcc -o conftest -g -O2   conftest.c -lnuma   >&5
ld: library not found for -lnuma
clang: error: linker command failed with exit code 1 (use -v to see invocation)
configure:7716: $? = 1
configure: failed program was:
| /* confdefs.h */
| #define PACKAGE_NAME "diderot"
| #define PACKAGE_TARNAME "diderot"
| #define PACKAGE_VERSION "2.0"
| #define PACKAGE_STRING "diderot 2.0"
| #define PACKAGE_BUGREPORT ""
| #define PACKAGE_URL ""
| #define HAVE_CXX11 1
| #define HAVE_RDRND 1
| #define HAVE_BMI1 1
| #define HAVE_BMI2 1
| #define HAVE_ABM 1
| #define HAVE_MMX 1
| #define HAVE_SSE 1
| #define HAVE_SSE2 1
| #define HAVE_SSE3 1
| #define HAVE_SSSE3 1
| #define HAVE_SSE4_1 1
| #define HAVE_SSE4_2 1
| #define HAVE_AES 1
| #define HAVE_AVX 1
| #define HAVE_FMA3 1
| #define HAVE_AVX2 1
| #define HAVE_BUILTIN_ATOMIC_OPS 1
| #define STDC_HEADERS 1
| #define HAVE_SYS_TYPES_H 1
| #define HAVE_SYS_STAT_H 1
| #define HAVE_STDLIB_H 1
| #define HAVE_STRING_H 1
| #define HAVE_MEMORY_H 1
| #define HAVE_STRINGS_H 1
| #define HAVE_INTTYPES_H 1
| #define HAVE_STDINT_H 1
| #define HAVE_UNISTD_H 1
| #define SIZEOF_INT 4
| #define SIZEOF_LONG 8
| #define SIZEOF_FLOAT 4
| #define SIZEOF_DOUBLE 8
| #define HAVE__BOOL 1
| #define HAVE_STDBOOL_H 1
| #define HAVE_PTHREAD 1
| #define HAVE_POSIX_MEMALIGN 1
| #define HAVE_MACH_ABSOLUTE_TIME 1
| #define HAVE_STRUCT_TIMESPEC 1
| #define HAVE_NANOSLEEP 1
| /* end confdefs.h.  */
| 
| /* Override any GCC internal prototype to avoid an error.
|    Use char because int might match the return type of a GCC
|    builtin and then its argument prototype would still apply.  */
| #ifdef __cplusplus
| extern "C"
| #endif
| char numa_available ();
| int
| main ()
| {
| return numa_available ();
|   ;
|   return 0;
| }
configure:7725: result: no
configure:7740: checking for /proc/cpuinfo
configure:7753: result: no
configure:7767: checking linux/getcpu.h usability
configure:7767: gcc -c -g -O2  conftest.c >&5
conftest.c:80:10: fatal error: 'linux/getcpu.h' file not found
#include <linux/getcpu.h>
         ^
1 error generated.
configure:7767: $? = 1
configure: failed program was:
| /* confdefs.h */
| #define PACKAGE_NAME "diderot"
| #define PACKAGE_TARNAME "diderot"
| #define PACKAGE_VERSION "2.0"
| #define PACKAGE_STRING "diderot 2.0"
| #define PACKAGE_BUGREPORT ""
| #define PACKAGE_URL ""
| #define HAVE_CXX11 1
| #define HAVE_RDRND 1
| #define HAVE_BMI1 1
| #define HAVE_BMI2 1
| #define HAVE_ABM 1
| #define HAVE_MMX 1
| #define HAVE_SSE 1
| #define HAVE_SSE2 1
| #define HAVE_SSE3 1
| #define HAVE_SSSE3 1
| #define HAVE_SSE4_1 1
| #define HAVE_SSE4_2 1
| #define HAVE_AES 1
| #define HAVE_AVX 1
| #define HAVE_FMA3 1
| #define HAVE_AVX2 1
| #define HAVE_BUILTIN_ATOMIC_OPS 1
| #define STDC_HEADERS 1
| #define HAVE_SYS_TYPES_H 1
| #define HAVE_SYS_STAT_H 1
| #define HAVE_STDLIB_H 1
| #define HAVE_STRING_H 1
| #define HAVE_MEMORY_H 1
| #define HAVE_STRINGS_H 1
| #define HAVE_INTTYPES_H 1
| #define HAVE_STDINT_H 1
| #define HAVE_UNISTD_H 1
| #define SIZEOF_INT 4
| #define SIZEOF_LONG 8
| #define SIZEOF_FLOAT 4
| #define SIZEOF_DOUBLE 8
| #define HAVE__BOOL 1
| #define HAVE_STDBOOL_H 1
| #define HAVE_PTHREAD 1
| #define HAVE_POSIX_MEMALIGN 1
| #define HAVE_MACH_ABSOLUTE_TIME 1
| #define HAVE_STRUCT_TIMESPEC 1
| #define HAVE_NANOSLEEP 1
| /* end confdefs.h.  */
| #include <stdio.h>
| #ifdef HAVE_SYS_TYPES_H
| # include <sys/types.h>
| #endif
| #ifdef HAVE_SYS_STAT_H
| # include <sys/stat.h>
| #endif
| #ifdef STDC_HEADERS
| # include <stdlib.h>
| # include <stddef.h>
| #else
| # ifdef HAVE_STDLIB_H
| #  include <stdlib.h>
| # endif
| #endif
| #ifdef HAVE_STRING_H
| # if !defined STDC_HEADERS && defined HAVE_MEMORY_H
| #  include <memory.h>
| # endif
| # include <string.h>
| #endif
| #ifdef HAVE_STRINGS_H
| # include <strings.h>
| #endif
| #ifdef HAVE_INTTYPES_H
| # include <inttypes.h>
| #endif
| #ifdef HAVE_STDINT_H
| # include <stdint.h>
| #endif
| #ifdef HAVE_UNISTD_H
| # include <unistd.h>
| #endif
| #include <linux/getcpu.h>
configure:7767: result: no
configure:7767: checking linux/getcpu.h presence
configure:7767: gcc -E  conftest.c
conftest.c:47:10: fatal error: 'linux/getcpu.h' file not found
#include <linux/getcpu.h>
         ^
1 error generated.
configure:7767: $? = 1
configure: failed program was:
| /* confdefs.h */
| #define PACKAGE_NAME "diderot"
| #define PACKAGE_TARNAME "diderot"
| #define PACKAGE_VERSION "2.0"
| #define PACKAGE_STRING "diderot 2.0"
| #define PACKAGE_BUGREPORT ""
| #define PACKAGE_URL ""
| #define HAVE_CXX11 1
| #define HAVE_RDRND 1
| #define HAVE_BMI1 1
| #define HAVE_BMI2 1
| #define HAVE_ABM 1
| #define HAVE_MMX 1
| #define HAVE_SSE 1
| #define HAVE_SSE2 1
| #define HAVE_SSE3 1
| #define HAVE_SSSE3 1
| #define HAVE_SSE4_1 1
| #define HAVE_SSE4_2 1
| #define HAVE_AES 1
| #define HAVE_AVX 1
| #define HAVE_FMA3 1
| #define HAVE_AVX2 1
| #define HAVE_BUILTIN_ATOMIC_OPS 1
| #define STDC_HEADERS 1
| #define HAVE_SYS_TYPES_H 1
| #define HAVE_SYS_STAT_H 1
| #define HAVE_STDLIB_H 1
| #define HAVE_STRING_H 1
| #define HAVE_MEMORY_H 1
| #define HAVE_STRINGS_H 1
| #define HAVE_INTTYPES_H 1
| #define HAVE_STDINT_H 1
| #define HAVE_UNISTD_H 1
| #define SIZEOF_INT 4
| #define SIZEOF_LONG 8
| #define SIZEOF_FLOAT 4
| #define SIZEOF_DOUBLE 8
| #define HAVE__BOOL 1
| #define HAVE_STDBOOL_H 1
| #define HAVE_PTHREAD 1
| #define HAVE_POSIX_MEMALIGN 1
| #define HAVE_MACH_ABSOLUTE_TIME 1
| #define HAVE_STRUCT_TIMESPEC 1
| #define HAVE_NANOSLEEP 1
| /* end confdefs.h.  */
| #include <linux/getcpu.h>
configure:7767: result: no
configure:7767: checking for linux/getcpu.h
configure:7767: result: no
configure:7793: checking SYS_getcpu
configure:7813: gcc -o conftest -g -O2   conftest.c  >&5
conftest.c:53:23: error: use of undeclared identifier 'SYS_getcpu'
      return syscall (SYS_getcpu, &cpu, &node, 0);
                      ^
1 error generated.
configure:7813: $? = 1
configure: program exited with status 1
configure: failed program was:
| /* confdefs.h */
| #define PACKAGE_NAME "diderot"
| #define PACKAGE_TARNAME "diderot"
| #define PACKAGE_VERSION "2.0"
| #define PACKAGE_STRING "diderot 2.0"
| #define PACKAGE_BUGREPORT ""
| #define PACKAGE_URL ""
| #define HAVE_CXX11 1
| #define HAVE_RDRND 1
| #define HAVE_BMI1 1
| #define HAVE_BMI2 1
| #define HAVE_ABM 1
| #define HAVE_MMX 1
| #define HAVE_SSE 1
| #define HAVE_SSE2 1
| #define HAVE_SSE3 1
| #define HAVE_SSSE3 1
| #define HAVE_SSE4_1 1
| #define HAVE_SSE4_2 1
| #define HAVE_AES 1
| #define HAVE_AVX 1
| #define HAVE_FMA3 1
| #define HAVE_AVX2 1
| #define HAVE_BUILTIN_ATOMIC_OPS 1
| #define STDC_HEADERS 1
| #define HAVE_SYS_TYPES_H 1
| #define HAVE_SYS_STAT_H 1
| #define HAVE_STDLIB_H 1
| #define HAVE_STRING_H 1
| #define HAVE_MEMORY_H 1
| #define HAVE_STRINGS_H 1
| #define HAVE_INTTYPES_H 1
| #define HAVE_STDINT_H 1
| #define HAVE_UNISTD_H 1
| #define SIZEOF_INT 4
| #define SIZEOF_LONG 8
| #define SIZEOF_FLOAT 4
| #define SIZEOF_DOUBLE 8
| #define HAVE__BOOL 1
| #define HAVE_STDBOOL_H 1
| #define HAVE_PTHREAD 1
| #define HAVE_POSIX_MEMALIGN 1
| #define HAVE_MACH_ABSOLUTE_TIME 1
| #define HAVE_STRUCT_TIMESPEC 1
| #define HAVE_NANOSLEEP 1
| /* end confdefs.h.  */
| 
|     #define _GNU_SOURCE
|     #include <unistd.h>
|     #include <sys/syscall.h>
|     int main () {
|       unsigned cpu, node;
|       return syscall (SYS_getcpu, &cpu, &node, 0);
|     }
| 
configure:7820: result: no
configure:7831: checking for sched_getcpu
configure:7831: gcc -o conftest -g -O2   conftest.c  >&5
Undefined symbols for architecture x86_64:
  "_sched_getcpu", referenced from:
      _main in conftest-1OxxgM.o
ld: symbol(s) not found for architecture x86_64
clang: error: linker command failed with exit code 1 (use -v to see invocation)
configure:7831: $? = 1
configure: failed program was:
| /* confdefs.h */
| #define PACKAGE_NAME "diderot"
| #define PACKAGE_TARNAME "diderot"
| #define PACKAGE_VERSION "2.0"
| #define PACKAGE_STRING "diderot 2.0"
| #define PACKAGE_BUGREPORT ""
| #define PACKAGE_URL ""
| #define HAVE_CXX11 1
| #define HAVE_RDRND 1
| #define HAVE_BMI1 1
| #define HAVE_BMI2 1
| #define HAVE_ABM 1
| #define HAVE_MMX 1
| #define HAVE_SSE 1
| #define HAVE_SSE2 1
| #define HAVE_SSE3 1
| #define HAVE_SSSE3 1
| #define HAVE_SSE4_1 1
| #define HAVE_SSE4_2 1
| #define HAVE_AES 1
| #define HAVE_AVX 1
| #define HAVE_FMA3 1
| #define HAVE_AVX2 1
| #define HAVE_BUILTIN_ATOMIC_OPS 1
| #define STDC_HEADERS 1
| #define HAVE_SYS_TYPES_H 1
| #define HAVE_SYS_STAT_H 1
| #define HAVE_STDLIB_H 1
| #define HAVE_STRING_H 1
| #define HAVE_MEMORY_H 1
| #define HAVE_STRINGS_H 1
| #define HAVE_INTTYPES_H 1
| #define HAVE_STDINT_H 1
| #define HAVE_UNISTD_H 1
| #define SIZEOF_INT 4
| #define SIZEOF_LONG 8
| #define SIZEOF_FLOAT 4
| #define SIZEOF_DOUBLE 8
| #define HAVE__BOOL 1
| #define HAVE_STDBOOL_H 1
| #define HAVE_PTHREAD 1
| #define HAVE_POSIX_MEMALIGN 1
| #define HAVE_MACH_ABSOLUTE_TIME 1
| #define HAVE_STRUCT_TIMESPEC 1
| #define HAVE_NANOSLEEP 1
| /* end confdefs.h.  */
| /* Define sched_getcpu to an innocuous variant, in case <limits.h> declares sched_getcpu.
|    For example, HP-UX 11i <limits.h> declares gettimeofday.  */
| #define sched_getcpu innocuous_sched_getcpu
| 
| /* System header to define __stub macros and hopefully few prototypes,
|     which can conflict with char sched_getcpu (); below.
|     Prefer <limits.h> to <assert.h> if __STDC__ is defined, since
|     <limits.h> exists even on freestanding compilers.  */
| 
| #ifdef __STDC__
| # include <limits.h>
| #else
| # include <assert.h>
| #endif
| 
| #undef sched_getcpu
| 
| /* Override any GCC internal prototype to avoid an error.
|    Use char because int might match the return type of a GCC
|    builtin and then its argument prototype would still apply.  */
| #ifdef __cplusplus
| extern "C"
| #endif
| char sched_getcpu ();
| /* The GNU C library defines this for functions which it implements
|     to always fail with ENOSYS.  Some functions are actually named
|     something starting with __ and the normal name is an alias.  */
| #if defined __stub_sched_getcpu || defined __stub___sched_getcpu
| choke me
| #endif
| 
| int
| main ()
| {
| return sched_getcpu ();
|   ;
|   return 0;
| }
configure:7831: result: no
configure:8427: checking path to teem (/usr/local)
configure:8437: result: yes
configure:8459: checking for nrrdMetaDataNormalize
configure:8459: gcc -o conftest -g -O2   -L/usr/local/lib conftest.c  -lteem -lm >&5
configure:8459: $? = 0
configure:8459: result: yes
configure:8568: checking for sml
configure:8587: found /usr/local/smlnj/bin/sml
configure:8599: result: /usr/local/smlnj/bin/sml
configure:8617: checking version of SML/NJ
configure:8643: result: 110.80
configure:8709: checking for ml-makedepend
configure:8727: found /usr/local/smlnj/bin/ml-makedepend
configure:8740: result: /usr/local/smlnj/bin/ml-makedepend
configure:8753: checking for ml-build
configure:8771: found /usr/local/smlnj/bin/ml-build
configure:8784: result: /usr/local/smlnj/bin/ml-build
configure:8829: checking for doxygen
configure:8860: result: none
configure:8888: checking for asciidoc
configure:8921: result: no
configure:8934: checking for a2x
configure:8967: result: no
configure:8980: checking for pygmentize
configure:9013: result: no
configure:9026: checking for dblatex
configure:9059: result: no
configure:9311: creating ./config.status

## ---------------------- ##
## Running config.status. ##
## ---------------------- ##

This file was extended by diderot config.status 2.0, which was
generated by GNU Autoconf 2.69.  Invocation command line was

  CONFIG_FILES    = 
  CONFIG_HEADERS  = 
  CONFIG_LINKS    = 
  CONFIG_COMMANDS = 
  $ ./config.status 

on Charisees-iMac.local

config.status:920: creating Makefile
config.status:920: creating src/compiler/Makefile
config.status:920: creating src/lib/build/Makefile
config.status:920: creating src/lib/build/mk/build.gmk
config.status:920: creating src/compiler/nrrd/run-dnorm.sml
config.status:920: creating src/compiler/common/paths.sml
config.status:920: creating src/compiler/common/size-of.sml
config.status:920: creating src/compiler/options/version.sml
config.status:920: creating bin/install-sml-wrapper.sh
config.status:920: creating src/compiler/gen/fragments/mkfrags.sh
config.status:920: creating src/compiler/gen/fragments/mkmk.sh
config.status:920: creating src/lib/build/rt-seq/Makefile
config.status:920: creating src/lib/build/rt-seq-debug/Makefile
config.status:920: creating src/lib/build/rt-par/Makefile
config.status:920: creating src/lib/build/rt-par-debug/Makefile
config.status:920: creating src/lib/include/diderot/config.h
config.status:1095: src/lib/include/diderot/config.h is unchanged

## ---------------- ##
## Cache variables. ##
## ---------------- ##

ac_cv_build=x86_64-apple-darwin14.5.0
ac_cv_c_bigendian=no
ac_cv_c_compiler_gnu=yes
ac_cv_cxx_compiler_gnu=yes
ac_cv_env_CCC_set=
ac_cv_env_CCC_value=
ac_cv_env_CC_set=
ac_cv_env_CC_value=
ac_cv_env_CFLAGS_set=
ac_cv_env_CFLAGS_value=
ac_cv_env_CPPFLAGS_set=
ac_cv_env_CPPFLAGS_value=
ac_cv_env_CPP_set=
ac_cv_env_CPP_value=
ac_cv_env_CXXFLAGS_set=
ac_cv_env_CXXFLAGS_value=
ac_cv_env_CXX_set=
ac_cv_env_CXX_value=
ac_cv_env_LDFLAGS_set=
ac_cv_env_LDFLAGS_value=
ac_cv_env_LIBS_set=
ac_cv_env_LIBS_value=
ac_cv_env_build_alias_set=
ac_cv_env_build_alias_value=
ac_cv_env_host_alias_set=
ac_cv_env_host_alias_value=
ac_cv_env_target_alias_set=
ac_cv_env_target_alias_value=
ac_cv_file__proc_cpuinfo=no
ac_cv_func_clock_gettime=no
ac_cv_func_mach_absolute_time=yes
ac_cv_func_nanosleep=yes
ac_cv_func_nrrdMetaDataNormalize=yes
ac_cv_func_posix_memalign=yes
ac_cv_func_pthread_barrier_init=no
ac_cv_func_pthread_getcpuclockid=no
ac_cv_func_pthread_setaffinity_np=no
ac_cv_func_sched_getcpu=no
ac_cv_func_sigtimedwait=no
ac_cv_header_inttypes_h=yes
ac_cv_header_linux_getcpu_h=no
ac_cv_header_memory_h=yes
ac_cv_header_stdbool_h=yes
ac_cv_header_stdc=yes
ac_cv_header_stdint_h=yes
ac_cv_header_stdlib_h=yes
ac_cv_header_string_h=yes
ac_cv_header_strings_h=yes
ac_cv_header_sys_stat_h=yes
ac_cv_header_sys_types_h=yes
ac_cv_header_unistd_h=yes
ac_cv_host=x86_64-apple-darwin14.5.0
ac_cv_lib_numa_numa_available=no
ac_cv_objext=o
ac_cv_path_DOXYGEN=none
ac_cv_path_EGREP='/usr/bin/grep -E'
ac_cv_path_GREP=/usr/bin/grep
ac_cv_path_LD=/usr/bin/ld
ac_cv_path_ML_BUILD=/usr/local/smlnj/bin/ml-build
ac_cv_path_ML_MAKEDEPEND=/usr/local/smlnj/bin/ml-makedepend
ac_cv_path_SML_CMD=/usr/local/smlnj/bin/sml
ac_cv_path_install='/usr/bin/install -c'
ac_cv_prog_CPP='gcc -E'
ac_cv_prog_ac_ct_CC=gcc
ac_cv_prog_ac_ct_CXX=clang++
ac_cv_prog_cc_c89=
ac_cv_prog_cc_g=yes
ac_cv_prog_cxx_g=yes
ac_cv_prog_make_make_set=yes
ac_cv_sizeof_double=8
ac_cv_sizeof_float=4
ac_cv_sizeof_int=4
ac_cv_sizeof_long=8
ac_cv_type__Bool=yes
ac_cv_type_struct_timespec=yes
ac_cv_use_teem=/usr/local
ax_cv_check_cflags___mabm=yes
ax_cv_check_cflags___maes=yes
ax_cv_check_cflags___mavx2=yes
ax_cv_check_cflags___mavx=yes
ax_cv_check_cflags___mbmi2=yes
ax_cv_check_cflags___mbmi=yes
ax_cv_check_cflags___mfma=yes
ax_cv_check_cflags___mmmx=yes
ax_cv_check_cflags___mrdrnd=yes
ax_cv_check_cflags___msse2=yes
ax_cv_check_cflags___msse3=yes
ax_cv_check_cflags___msse4_1=yes
ax_cv_check_cflags___msse4_2=yes
ax_cv_check_cflags___msse=yes
ax_cv_check_cflags___mssse3=yes
ax_cv_cxx_compile_cxx11=no
ax_cv_cxx_compile_cxx11__std_gnupp11=yes
ax_cv_gcc_x86_avx_xgetbv_0x00000000=7:0
ax_cv_gcc_x86_avx_xgetbv_=unknown
ax_cv_gcc_x86_cpuid_0x00000000=d:756e6547:6c65746e:49656e69
ax_cv_gcc_x86_cpuid_0x00000001=40661:2100800:7ffafbbf:bfebfbff
ax_cv_gcc_x86_cpuid_0x00000007=0:27ab:0:0
ax_cv_gcc_x86_cpuid_0x80000000=80000008:0:0:0
ax_cv_gcc_x86_cpuid_0x80000001=0:0:21:2c100800
ax_cv_gcc_x86_cpuid_=unknown
ax_cv_have_abm_cpu_ext=yes
ax_cv_have_abm_ext=yes
ax_cv_have_adx_cpu_ext=no
ax_cv_have_adx_ext=no
ax_cv_have_aes_cpu_ext=yes
ax_cv_have_aes_ext=yes
ax_cv_have_avx2_cpu_ext=yes
ax_cv_have_avx2_ext=yes
ax_cv_have_avx512_os_support_ext=no
ax_cv_have_avx512bw_cpu_ext=no
ax_cv_have_avx512bw_ext=no
ax_cv_have_avx512cd_cpu_ext=no
ax_cv_have_avx512cd_ext=no
ax_cv_have_avx512dq_cpu_ext=no
ax_cv_have_avx512dq_ext=no
ax_cv_have_avx512er_cpu_ext=no
ax_cv_have_avx512er_ext=no
ax_cv_have_avx512f_cpu_ext=no
ax_cv_have_avx512f_ext=no
ax_cv_have_avx512ifma_cpu_ext=no
ax_cv_have_avx512ifma_ext=no
ax_cv_have_avx512pf_cpu_ext=no
ax_cv_have_avx512pf_ext=no
ax_cv_have_avx512vbmi_cpu_ext=no
ax_cv_have_avx512vbmi_ext=no
ax_cv_have_avx512vl_cpu_ext=no
ax_cv_have_avx512vl_ext=no
ax_cv_have_avx_cpu_ext=yes
ax_cv_have_avx_ext=yes
ax_cv_have_avx_os_support_ext=yes
ax_cv_have_bmi1_cpu_ext=yes
ax_cv_have_bmi1_ext=yes
ax_cv_have_bmi2_cpu_ext=yes
ax_cv_have_bmi2_ext=yes
ax_cv_have_fma3_cpu_ext=yes
ax_cv_have_fma3_ext=yes
ax_cv_have_fma4_cpu_ext=no
ax_cv_have_fma4_ext=no
ax_cv_have_mmx_cpu_ext=yes
ax_cv_have_mmx_ext=yes
ax_cv_have_mmx_os_support_ext=yes
ax_cv_have_mpx_cpu_ext=no
ax_cv_have_mpx_ext=no
ax_cv_have_none_os_support_ext=yes
ax_cv_have_prefetchwt1_cpu_ext=no
ax_cv_have_prefetchwt1_ext=no
ax_cv_have_rdrnd_cpu_ext=yes
ax_cv_have_rdrnd_ext=yes
ax_cv_have_sha_cpu_ext=no
ax_cv_have_sha_ext=no
ax_cv_have_sse2_cpu_ext=yes
ax_cv_have_sse2_ext=yes
ax_cv_have_sse3_cpu_ext=yes
ax_cv_have_sse3_ext=yes
ax_cv_have_sse41_cpu_ext=yes
ax_cv_have_sse41_ext=yes
ax_cv_have_sse42_cpu_ext=yes
ax_cv_have_sse42_ext=yes
ax_cv_have_sse4a_cpu_ext=no
ax_cv_have_sse4a_ext=no
ax_cv_have_sse_cpu_ext=yes
ax_cv_have_sse_ext=yes
ax_cv_have_sse_os_support_ext=yes
ax_cv_have_ssse3_cpu_ext=yes
ax_cv_have_ssse3_ext=yes
ax_cv_have_xop_cpu_ext=no
ax_cv_have_xop_ext=no
ax_cv_support_abm_ext=yes
ax_cv_support_adx_ext=no
ax_cv_support_aes_ext=yes
ax_cv_support_avx2_ext=yes
ax_cv_support_avx512bw_ext=no
ax_cv_support_avx512cd_ext=no
ax_cv_support_avx512dq_ext=no
ax_cv_support_avx512er_ext=no
ax_cv_support_avx512f_ext=no
ax_cv_support_avx512ifma_ext=no
ax_cv_support_avx512pf_ext=no
ax_cv_support_avx512vbmi_ext=no
ax_cv_support_avx512vl_ext=no
ax_cv_support_avx_ext=yes
ax_cv_support_bmi1_ext=yes
ax_cv_support_bmi2_ext=yes
ax_cv_support_fma3_ext=yes
ax_cv_support_fma4_ext=no
ax_cv_support_mmx_ext=yes
ax_cv_support_mpx_ext=no
ax_cv_support_prefetchwt1_ext=no
ax_cv_support_rdrnd_ext=yes
ax_cv_support_sha_ext=no
ax_cv_support_sse2_ext=yes
ax_cv_support_sse3_ext=yes
ax_cv_support_sse41_ext=yes
ax_cv_support_sse42_ext=yes
ax_cv_support_sse4a_ext=no
ax_cv_support_sse_ext=yes
ax_cv_support_ssse3_ext=yes
ax_cv_support_xop_ext=no

## ----------------- ##
## Output variables. ##
## ----------------- ##

A2X='none'
ASCIIDOC='none'
ASCIIDOC_CONF_DIR=''
BOOLTY='bool'
BRANCH='vis15'
CC='gcc'
CFLAGS='-g -O2'
CL_ENABLED='false'
CL_VERSION='0'
CPP='gcc -E'
CPPFLAGS=''
CPPFLAGS_CL=''
CPUEXT_FLAGS=' -mrdrnd -mbmi -mbmi2 -mabm'
CUDA_ENABLED='false'
CXX='clang++ -std=gnu++11'
CXXFLAGS='-m64 -Wreturn-type -Wuninitialized -fPIC'
CXXFLAGS_BASE='-Wreturn-type -Wuninitialized -fPIC'
CXXFLAG_Mxx='-m64'
DBLATEX='none'
DEFS='-DHAVE_CONFIG_H'
DIDEROT_BINDIR='/Users/chariseechiw/diderot/Diderot-Dev/bin'
DIDEROT_DOCDIR='/Users/chariseechiw/diderot/Diderot-Dev/doc'
DIDEROT_LIBDIR='/Users/chariseechiw/diderot/Diderot-Dev/lib'
DIDEROT_MKDIR='/Users/chariseechiw/diderot/Diderot-Dev/mk'
DIDEROT_ROOT='/Users/chariseechiw/diderot/Diderot-Dev'
DIDEROT_SRCDIR='/Users/chariseechiw/diderot/Diderot-Dev/src'
DOXYGEN='none'
ECHO_C='\c'
ECHO_N=''
ECHO_T=''
EGREP='/usr/bin/grep -E'
EXEEXT=''
GREP='/usr/bin/grep'
HAVE_CXX11='1'
HEAP_IMAGE_DIR='/Users/chariseechiw/diderot/Diderot-Dev/bin/.heap'
HIGHLIGHTER='none'
INSTALL_DATA='${INSTALL} -m 644'
INSTALL_PROGRAM='${INSTALL}'
INSTALL_SCRIPT='${INSTALL}'
INSTALL_SMLNJ_WRAPPER='/Users/chariseechiw/diderot/Diderot-Dev/bin/install-sml-wrapper.sh'
LD='/usr/bin/ld'
LDFLAGS=''
LDPATHS='-L/opt/local/lib'
LD_NEEDS_RPATH='false'
LIBM=''
LIBOBJS=''
LIBS=''
LIBS_CL=''
LOGGING_ENABLED='false'
LTLIBOBJS=''
MLTON=''
ML_BUILD='/usr/local/smlnj/bin/ml-build'
ML_MAKEDEPEND='/usr/local/smlnj/bin/ml-makedepend'
NVCC=':'
OBJEXT='o'
PACKAGE_BUGREPORT=''
PACKAGE_NAME='diderot'
PACKAGE_STRING='diderot 2.0'
PACKAGE_TARNAME='diderot'
PACKAGE_URL=''
PACKAGE_VERSION='2.0'
PATH_SEPARATOR=':'
PTHREAD_CC='gcc'
PTHREAD_CFLAGS='-D_THREAD_SAFE '
PTHREAD_LIBS=''
SET_MAKE=''
SHELL='/bin/sh'
SIMD_FLAGS=' -mmmx -msse -msse2 -msse3 -mssse3 -msse4.1 -msse4.2 -maes -mavx -mfma -mavx2'
SIZEOF_CL_DOUBLE='0'
SIZEOF_CL_FLOAT='0'
SIZEOF_CL_INT='0'
SIZEOF_CL_LONG='0'
SIZEOF_C_DOUBLE='8'
SIZEOF_C_FLOAT='4'
SIZEOF_C_INT='4'
SIZEOF_C_LONG='8'
SML='smlnj'
SMLNJ_ARCH='x86'
SMLNJ_CMD='/usr/local/smlnj/bin/sml'
SMLNJ_HEAP_SUFFIX='x86-darwin'
SMLNJ_OPSYS='darwin'
SMLNJ_PATH='/usr/local/smlnj/bin'
SML_CMD='/usr/local/smlnj/bin/sml'
TEEM_DIR='/usr/local'
ac_ct_CC='gcc'
ac_ct_CXX='clang++'
acx_pthread_config=''
bindir='${exec_prefix}/bin'
build='x86_64-apple-darwin14.5.0'
build_alias=''
build_cpu='x86_64'
build_os='darwin14.5.0'
build_vendor='apple'
datadir='${datarootdir}'
datarootdir='${prefix}/share'
docdir='${datarootdir}/doc/${PACKAGE_TARNAME}'
dvidir='${docdir}'
exec_prefix='${prefix}'
host='x86_64-apple-darwin14.5.0'
host_alias=''
host_cpu='x86_64'
host_os='darwin14.5.0'
host_vendor='apple'
htmldir='${docdir}'
includedir='${prefix}/include'
infodir='${datarootdir}/info'
libdir='${exec_prefix}/lib'
libexecdir='${exec_prefix}/libexec'
localedir='${datarootdir}/locale'
localstatedir='${prefix}/var'
mandir='${datarootdir}/man'
oldincludedir='/usr/include'
pdfdir='${docdir}'
prefix='/usr/local'
program_transform_name='s,x,x,'
psdir='${docdir}'
sbindir='${exec_prefix}/sbin'
sharedstatedir='${prefix}/com'
sysconfdir='${prefix}/etc'
target_alias=''
with_mlton='no'

## ----------- ##
## confdefs.h. ##
## ----------- ##

/* confdefs.h */
#define PACKAGE_NAME "diderot"
#define PACKAGE_TARNAME "diderot"
#define PACKAGE_VERSION "2.0"
#define PACKAGE_STRING "diderot 2.0"
#define PACKAGE_BUGREPORT ""
#define PACKAGE_URL ""
#define HAVE_CXX11 1
#define HAVE_RDRND 1
#define HAVE_BMI1 1
#define HAVE_BMI2 1
#define HAVE_ABM 1
#define HAVE_MMX 1
#define HAVE_SSE 1
#define HAVE_SSE2 1
#define HAVE_SSE3 1
#define HAVE_SSSE3 1
#define HAVE_SSE4_1 1
#define HAVE_SSE4_2 1
#define HAVE_AES 1
#define HAVE_AVX 1
#define HAVE_FMA3 1
#define HAVE_AVX2 1
#define HAVE_BUILTIN_ATOMIC_OPS 1
#define STDC_HEADERS 1
#define HAVE_SYS_TYPES_H 1
#define HAVE_SYS_STAT_H 1
#define HAVE_STDLIB_H 1
#define HAVE_STRING_H 1
#define HAVE_MEMORY_H 1
#define HAVE_STRINGS_H 1
#define HAVE_INTTYPES_H 1
#define HAVE_STDINT_H 1
#define HAVE_UNISTD_H 1
#define SIZEOF_INT 4
#define SIZEOF_LONG 8
#define SIZEOF_FLOAT 4
#define SIZEOF_DOUBLE 8
#define HAVE__BOOL 1
#define HAVE_STDBOOL_H 1
#define HAVE_PTHREAD 1
#define HAVE_POSIX_MEMALIGN 1
#define HAVE_MACH_ABSOLUTE_TIME 1
#define HAVE_STRUCT_TIMESPEC 1
#define HAVE_NANOSLEEP 1
#define DIDEROT_CL_VERSION 0
#define HAVE_NRRDMETADATANORMALIZE 1
#define DIDEROT_INCLUDE_PATH "/Users/chariseechiw/diderot/Diderot-Dev/src/lib/include"

configure: exit 0

## ---------------- ##
## Cache variables. ##
## ---------------- ##

ac_cv_build=x86_64-apple-darwin14.5.0
ac_cv_c_compiler_gnu=yes
ac_cv_cxx_compiler_gnu=yes
ac_cv_env_CCC_set=
ac_cv_env_CCC_value=
ac_cv_env_CC_set=
ac_cv_env_CC_value=
ac_cv_env_CFLAGS_set=
ac_cv_env_CFLAGS_value=
ac_cv_env_CPPFLAGS_set=
ac_cv_env_CPPFLAGS_value=
ac_cv_env_CPP_set=
ac_cv_env_CPP_value=
ac_cv_env_CXXFLAGS_set=
ac_cv_env_CXXFLAGS_value=
ac_cv_env_CXX_set=
ac_cv_env_CXX_value=
ac_cv_env_LDFLAGS_set=
ac_cv_env_LDFLAGS_value=
ac_cv_env_LIBS_set=
ac_cv_env_LIBS_value=
ac_cv_env_build_alias_set=
ac_cv_env_build_alias_value=
ac_cv_env_host_alias_set=
ac_cv_env_host_alias_value=
ac_cv_env_target_alias_set=
ac_cv_env_target_alias_value=
ac_cv_host=x86_64-apple-darwin14.5.0
ac_cv_objext=o
ac_cv_path_LD=/usr/bin/ld
ac_cv_path_install='/usr/bin/install -c'
ac_cv_prog_CPP='gcc -E'
ac_cv_prog_ac_ct_CC=gcc
ac_cv_prog_ac_ct_CXX=clang++
ac_cv_prog_cc_c89=
ac_cv_prog_cc_g=yes
ac_cv_prog_cxx_g=yes
ac_cv_prog_make_make_set=yes
ax_cv_cxx_compile_cxx11=no
ax_cv_cxx_compile_cxx11__std_gnupp11=yes

## ----------------- ##
## Output variables. ##
## ----------------- ##

A2X=''
ASCIIDOC=''
ASCIIDOC_CONF_DIR=''
BOOLTY=''
BRANCH='vis15'
CC='gcc'
CFLAGS='-g -O2'
CL_ENABLED=''
CL_VERSION=''
CPP='gcc -E'
CPPFLAGS=''
CPPFLAGS_CL=''
CPUEXT_FLAGS=''
CUDA_ENABLED=''
CXX='clang++ -std=gnu++11'
CXXFLAGS='-g -O2'
CXXFLAGS_BASE='-Wreturn-type -Wuninitialized -fPIC'
CXXFLAG_Mxx=''
DBLATEX=''
DEFS=''
DIDEROT_BINDIR='/Users/chariseechiw/diderot/Diderot-Dev/bin'
DIDEROT_DOCDIR='/Users/chariseechiw/diderot/Diderot-Dev/doc'
DIDEROT_LIBDIR='/Users/chariseechiw/diderot/Diderot-Dev/lib'
DIDEROT_MKDIR='/Users/chariseechiw/diderot/Diderot-Dev/mk'
DIDEROT_ROOT='/Users/chariseechiw/diderot/Diderot-Dev'
DIDEROT_SRCDIR='/Users/chariseechiw/diderot/Diderot-Dev/src'
DOXYGEN=''
ECHO_C='\c'
ECHO_N=''
ECHO_T=''
EGREP=''
EXEEXT=''
GREP=''
HAVE_CXX11='1'
HEAP_IMAGE_DIR=''
HIGHLIGHTER=''
INSTALL_DATA='${INSTALL} -m 644'
INSTALL_PROGRAM='${INSTALL}'
INSTALL_SCRIPT='${INSTALL}'
INSTALL_SMLNJ_WRAPPER=''
LD='/usr/bin/ld'
LDFLAGS=''
LDPATHS=''
LD_NEEDS_RPATH=''
LIBM=''
LIBOBJS=''
LIBS=''
LIBS_CL=''
LOGGING_ENABLED=''
LTLIBOBJS=''
MLTON=''
ML_BUILD=''
ML_MAKEDEPEND=''
NVCC=''
OBJEXT='o'
PACKAGE_BUGREPORT=''
PACKAGE_NAME='diderot'
PACKAGE_STRING='diderot 2.0'
PACKAGE_TARNAME='diderot'
PACKAGE_URL=''
PACKAGE_VERSION='2.0'
PATH_SEPARATOR=':'
PTHREAD_CC=''
PTHREAD_CFLAGS=''
PTHREAD_LIBS=''
SET_MAKE=''
SHELL='/bin/sh'
SIMD_FLAGS=''
SIZEOF_CL_DOUBLE=''
SIZEOF_CL_FLOAT=''
SIZEOF_CL_INT=''
SIZEOF_CL_LONG=''
SIZEOF_C_DOUBLE=''
SIZEOF_C_FLOAT=''
SIZEOF_C_INT=''
SIZEOF_C_LONG=''
SML=''
SMLNJ_ARCH=''
SMLNJ_CMD=''
SMLNJ_HEAP_SUFFIX=''
SMLNJ_OPSYS=''
SMLNJ_PATH=''
SML_CMD=''
TEEM_DIR=''
ac_ct_CC='gcc'
ac_ct_CXX='clang++'
acx_pthread_config=''
bindir='${exec_prefix}/bin'
build='x86_64-apple-darwin14.5.0'
build_alias=''
build_cpu='x86_64'
build_os='darwin14.5.0'
build_vendor='apple'
datadir='${datarootdir}'
datarootdir='${prefix}/share'
docdir='${datarootdir}/doc/${PACKAGE_TARNAME}'
dvidir='${docdir}'
exec_prefix='NONE'
host='x86_64-apple-darwin14.5.0'
host_alias=''
host_cpu='x86_64'
host_os='darwin14.5.0'
host_vendor='apple'
htmldir='${docdir}'
includedir='${prefix}/include'
infodir='${datarootdir}/info'
libdir='${exec_prefix}/lib'
libexecdir='${exec_prefix}/libexec'
localedir='${datarootdir}/locale'
localstatedir='${prefix}/var'
mandir='${datarootdir}/man'
oldincludedir='/usr/include'
pdfdir='${docdir}'
prefix='NONE'
program_transform_name='s,x,x,'
psdir='${docdir}'
sbindir='${exec_prefix}/sbin'
sharedstatedir='${prefix}/com'
sysconfdir='${prefix}/etc'
target_alias=''
with_mlton=''

configure: caught signal 1
configure: exit 1
